Using pre-set license
Built from '2020.2/release' branch; Version is '2020.2.2f1 (068178b99f32) revision 426360'; Using compiler version '192528614'; Build Type 'Release'
OS: 'Windows 10 Enterprise; OS build 18363.1854; Version 1909; 64bit' Language: 'en' Physical Memory: 32601 MB
BatchMode: 1, IsHumanControllingUs: 0, StartBugReporterOnCrash: 0, Is64bit: 1, IsPro: 0

 COMMAND LINE ARGUMENTS:
C:\Program Files\Unity\Editor\Unity.exe
-adb2
-batchMode
-noUpm
-name
AssetImportWorker0
-projectPath
C:/Users/jordan.garland1/Documents/GitHub/VR-Project
-logFile
Logs/AssetImportWorker0.log
-srvPort
62229
Successfully changed project path to: C:/Users/jordan.garland1/Documents/GitHub/VR-Project
C:/Users/jordan.garland1/Documents/GitHub/VR-Project
Using Asset Import Pipeline V2.
Refreshing native plugins compatible for Editor in 103.28 ms, found 14 plugins.
Preloading 2 native plugins for Editor in 1.23 ms.
Initialize engine version: 2020.2.2f1 (068178b99f32)
[Subsystems] Discovering subsystems at path C:/Program Files/Unity/Editor/Data/Resources/UnitySubsystems
[Subsystems] Discovering subsystems at path C:/Users/jordan.garland1/Documents/GitHub/VR-Project/Assets
GfxDevice: creating device client; threaded=0
Direct3D:
    Version:  Direct3D 11.0 [level 11.1]
    Renderer: NVIDIA GeForce RTX 2060 (ID=0x1f08)
    Vendor:   
    VRAM:     5980 MB
    Driver:   27.21.14.6192
Initialize mono
Mono path[0] = 'C:/Program Files/Unity/Editor/Data/Managed'
Mono path[1] = 'C:/Program Files/Unity/Editor/Data/MonoBleedingEdge/lib/mono/unityjit'
Mono config path = 'C:/Program Files/Unity/Editor/Data/MonoBleedingEdge/etc'
Using monoOptions --debugger-agent=transport=dt_socket,embedding=1,server=y,suspend=n,address=127.0.0.1:56292
Begin MonoManager ReloadAssembly
Registering precompiled unity dll's ...
Register platform support module: C:/Program Files/Unity/Editor/Data/PlaybackEngines/WindowsStandaloneSupport/UnityEditor.WindowsStandalone.Extensions.dll
Registered in 0.001415 seconds.
Native extension for WindowsStandalone target not found
Refreshing native plugins compatible for Editor in 95.18 ms, found 14 plugins.
Preloading 2 native plugins for Editor in 0.11 ms.
Invoked RoslynAnalysisRunner static constructor.
RoslynAnalysisRunner will not be running.
RoslynAnalysisRunner has terminated.
Mono: successfully reloaded assembly
- Completed reload, in  0.839 seconds
Platform modules already initialized, skipping
Registering precompiled user dll's ...
Registered in 0.009089 seconds.
Begin MonoManager ReloadAssembly
Native extension for WindowsStandalone target not found
Refreshing native plugins compatible for Editor in 1.31 ms, found 14 plugins.
Preloading 2 native plugins for Editor in 0.12 ms.
Invoked RoslynAnalysisRunner static constructor.
RoslynAnalysisRunner will not be running.
RoslynAnalysisRunner has terminated.
[XR] OculusXRPlugin: registering subsystems
[XR] Unable to register display lifecyle provider: [1]
[XR] Oculus Input lifecycle provider registered.
[XR] Unable to register input lifecyle provider: [1]
NullReferenceException: Object reference not set to an instance of an object
  at Unity.XR.Oculus.OculusLoader.AssetPathToAbsolutePath (System.String assetPath) [0x00048] in C:\Users\jordan.garland1\Documents\GitHub\VR-Project\Library\PackageCache\com.unity.xr.oculus@1.10.0\Runtime\OculusLoader.cs:250 
  at Unity.XR.Oculus.OculusLoader.EditorLoadOVRPlugin () [0x0007b] in C:\Users\jordan.garland1\Documents\GitHub\VR-Project\Library\PackageCache\com.unity.xr.oculus@1.10.0\Runtime\OculusLoader.cs:235 

(Filename: Library/PackageCache/com.unity.xr.oculus@1.10.0/Runtime/OculusLoader.cs Line: 250)

Mono: successfully reloaded assembly
- Completed reload, in  1.427 seconds
Platform modules already initialized, skipping
========================================================================
Worker process is ready to serve import requests
Launched and connected shader compiler UnityShaderCompiler.exe after 0.16 seconds
Refreshing native plugins compatible for Editor in 1.39 ms, found 14 plugins.
Preloading 2 native plugins for Editor in 0.14 ms.
Unloading 2225 Unused Serialized files (Serialized files now loaded: 0)
System memory in use before: 105.3 MB.
System memory in use after: 105.4 MB.

Unloading 23 unused Assets to reduce memory usage. Loaded Objects now: 2658.
Total: 2.950800 ms (FindLiveObjects: 0.277900 ms CreateObjectMapping: 0.100900 ms MarkObjects: 2.472800 ms  DeleteObjects: 0.098000 ms)

========================================================================
Received Import Request.
  path: Assets/UI_AI
  artifactKey: Guid(3fbd7e544fe8d8446a5c71a1c42c8591) Importer(815301076,1909f56bfc062723c751e8b465ee728b)
Start importing Assets/UI_AI using Guid(3fbd7e544fe8d8446a5c71a1c42c8591) Importer(815301076,1909f56bfc062723c751e8b465ee728b)  -> (artifact id: '43639d59bdf890ec1219d6f8d8fa3139') in 0.018820 seconds
  Import took 0.024436 seconds .

========================================================================
Received Import Request.
  Time since last request: 0.000209 seconds.
  path: Assets/UI_AI/Prefabs
  artifactKey: Guid(d3d57a49d432b554d8a10ab79dab748a) Importer(815301076,1909f56bfc062723c751e8b465ee728b)
Start importing Assets/UI_AI/Prefabs using Guid(d3d57a49d432b554d8a10ab79dab748a) Importer(815301076,1909f56bfc062723c751e8b465ee728b)  -> (artifact id: '9f35ef8c0e829127f7d1725185ff3a41') in 0.011766 seconds
  Import took 0.016673 seconds .

========================================================================
Received Import Request.
  Time since last request: 0.630072 seconds.
  path: Assets/UI_AI/Testing
  artifactKey: Guid(0cc9f37b5c707a74b823f91575c48ce5) Importer(815301076,1909f56bfc062723c751e8b465ee728b)
Start importing Assets/UI_AI/Testing using Guid(0cc9f37b5c707a74b823f91575c48ce5) Importer(815301076,1909f56bfc062723c751e8b465ee728b)  -> (artifact id: 'be042384ed90f09c23248bd924c44af9') in 0.007902 seconds
  Import took 0.011791 seconds .

========================================================================
Received Import Request.
  Time since last request: 0.543982 seconds.
  path: Assets/UI_AI/Testing/FarmAnimals
  artifactKey: Guid(2c031a8ce76253547aa34151b0f4e545) Importer(815301076,1909f56bfc062723c751e8b465ee728b)
Start importing Assets/UI_AI/Testing/FarmAnimals using Guid(2c031a8ce76253547aa34151b0f4e545) Importer(815301076,1909f56bfc062723c751e8b465ee728b)  -> (artifact id: '5ac585c42790551c09b15e3fadf9cba8') in 0.005669 seconds
  Import took 0.009350 seconds .

========================================================================
Received Import Request.
  Time since last request: 0.236107 seconds.
  path: Assets/UI_AI/Testing/Mammal
  artifactKey: Guid(4053133b4d8206742b85f8d2638bfa61) Importer(815301076,1909f56bfc062723c751e8b465ee728b)
Start importing Assets/UI_AI/Testing/Mammal using Guid(4053133b4d8206742b85f8d2638bfa61) Importer(815301076,1909f56bfc062723c751e8b465ee728b)  -> (artifact id: '3718149a5d743a3b2c7aaaf4205ddf67') in 0.007956 seconds
  Import took 0.012433 seconds .

========================================================================
Received Import Request.
  Time since last request: 0.162846 seconds.
  path: Assets/UI_AI/Testing/Scripts
  artifactKey: Guid(07820db742f9a0c409df64f40de571ed) Importer(815301076,1909f56bfc062723c751e8b465ee728b)
Start importing Assets/UI_AI/Testing/Scripts using Guid(07820db742f9a0c409df64f40de571ed) Importer(815301076,1909f56bfc062723c751e8b465ee728b)  -> (artifact id: '59f3b8908bbf0992d29a926e2cf917c3') in 0.008246 seconds
  Import took 0.013867 seconds .

========================================================================
Received Import Request.
  Time since last request: 0.125304 seconds.
  path: Assets/UI_AI/Testing/UnderWaterAnimals
  artifactKey: Guid(a5dea7f4859bb6545a642d2182fce6a7) Importer(815301076,1909f56bfc062723c751e8b465ee728b)
Start importing Assets/UI_AI/Testing/UnderWaterAnimals using Guid(a5dea7f4859bb6545a642d2182fce6a7) Importer(815301076,1909f56bfc062723c751e8b465ee728b)  -> (artifact id: 'a2664f40ae7491e544ba0a7de6ce47dd') in 0.008294 seconds
  Import took 0.012607 seconds .

========================================================================
Received Import Request.
  Time since last request: 0.154273 seconds.
  path: Assets/UI_AI/Testing/TestLara.unity
  artifactKey: Guid(df7466d7d083b8646a403f9c88958839) Importer(815301076,1909f56bfc062723c751e8b465ee728b)
Start importing Assets/UI_AI/Testing/TestLara.unity using Guid(df7466d7d083b8646a403f9c88958839) Importer(815301076,1909f56bfc062723c751e8b465ee728b)  -> (artifact id: '46decf10d367054eb653efad91500e31') in 0.011357 seconds
  Import took 0.015513 seconds .

========================================================================
Received Prepare
Registering precompiled user dll's ...
Registered in 0.009429 seconds.
Begin MonoManager ReloadAssembly
Native extension for WindowsStandalone target not found
Refreshing native plugins compatible for Editor in 1.31 ms, found 14 plugins.
Preloading 2 native plugins for Editor in 0.12 ms.
Invoked RoslynAnalysisRunner static constructor.
RoslynAnalysisRunner will not be running.
RoslynAnalysisRunner has terminated.
NullReferenceException: Object reference not set to an instance of an object
  at Unity.XR.Oculus.OculusLoader.AssetPathToAbsolutePath (System.String assetPath) [0x00048] in C:\Users\jordan.garland1\Documents\GitHub\VR-Project\Library\PackageCache\com.unity.xr.oculus@1.10.0\Runtime\OculusLoader.cs:250 
  at Unity.XR.Oculus.OculusLoader.EditorLoadOVRPlugin () [0x0007b] in C:\Users\jordan.garland1\Documents\GitHub\VR-Project\Library\PackageCache\com.unity.xr.oculus@1.10.0\Runtime\OculusLoader.cs:235 

(Filename: Library/PackageCache/com.unity.xr.oculus@1.10.0/Runtime/OculusLoader.cs Line: 250)

Mono: successfully reloaded assembly
- Completed reload, in  1.072 seconds
Platform modules already initialized, skipping
Refreshing native plugins compatible for Editor in 2.34 ms, found 14 plugins.
Preloading 2 native plugins for Editor in 0.18 ms.
Unloading 2163 Unused Serialized files (Serialized files now loaded: 0)
System memory in use before: 105.7 MB.
System memory in use after: 105.8 MB.

Unloading 18 unused Assets to reduce memory usage. Loaded Objects now: 2661.
Total: 2.520300 ms (FindLiveObjects: 0.293300 ms CreateObjectMapping: 0.097800 ms MarkObjects: 2.103800 ms  DeleteObjects: 0.024200 ms)

========================================================================
Received Import Request.
  Time since last request: 351.683418 seconds.
  path: Assets/UI_AI/Testing/Scripts/VR
  artifactKey: Guid(d4d9fcfe562cf02488a38d38db556610) Importer(815301076,1909f56bfc062723c751e8b465ee728b)
Start importing Assets/UI_AI/Testing/Scripts/VR using Guid(d4d9fcfe562cf02488a38d38db556610) Importer(815301076,1909f56bfc062723c751e8b465ee728b)  -> (artifact id: '42dff5c9e5569910bd6a66da1397583f') in 0.009548 seconds
  Import took 0.015962 seconds .

========================================================================
Received Import Request.
  Time since last request: 0.852392 seconds.
  path: Assets/UI_AI/Testing/Scripts/VR/Extras
  artifactKey: Guid(2b91e8d639bd72e4f92666c98150fbed) Importer(815301076,1909f56bfc062723c751e8b465ee728b)
Start importing Assets/UI_AI/Testing/Scripts/VR/Extras using Guid(2b91e8d639bd72e4f92666c98150fbed) Importer(815301076,1909f56bfc062723c751e8b465ee728b)  -> (artifact id: 'bb536c839ca74e4bc60846376de83b91') in 0.005862 seconds
  Import took 0.010328 seconds .

========================================================================
Received Import Request.
  Time since last request: 0.212264 seconds.
  path: Assets/UI_AI/Testing/Scripts/VR/Input
  artifactKey: Guid(0cd815d7895506441b09a1d38c52f72b) Importer(815301076,1909f56bfc062723c751e8b465ee728b)
Start importing Assets/UI_AI/Testing/Scripts/VR/Input using Guid(0cd815d7895506441b09a1d38c52f72b) Importer(815301076,1909f56bfc062723c751e8b465ee728b)  -> (artifact id: '05ced94b93a0b10661df000b45f06b37') in 0.007396 seconds
  Import took 0.012441 seconds .

========================================================================
Received Import Request.
  Time since last request: 0.145816 seconds.
  path: Assets/UI_AI/Testing/Scripts/VR/Interactions
  artifactKey: Guid(787a0c218e28834419586902a8699ab2) Importer(815301076,1909f56bfc062723c751e8b465ee728b)
Start importing Assets/UI_AI/Testing/Scripts/VR/Interactions using Guid(787a0c218e28834419586902a8699ab2) Importer(815301076,1909f56bfc062723c751e8b465ee728b)  -> (artifact id: '0ff68592796a8eaa86e497a1f73ddaf1') in 0.006106 seconds
  Import took 0.010484 seconds .

========================================================================
Received Import Request.
  Time since last request: 0.409946 seconds.
  path: Assets/UI_AI/Testing/Scripts/VR/Locomotion
  artifactKey: Guid(6efc760e744d98b4fb1ce24a9f54660b) Importer(815301076,1909f56bfc062723c751e8b465ee728b)
Start importing Assets/UI_AI/Testing/Scripts/VR/Locomotion using Guid(6efc760e744d98b4fb1ce24a9f54660b) Importer(815301076,1909f56bfc062723c751e8b465ee728b)  -> (artifact id: '869391b0c8fdd5f3a0c4562345158b9d') in 0.005925 seconds
  Import took 0.010119 seconds .

========================================================================
Received Import Request.
  Time since last request: 0.519971 seconds.
  path: Assets/UI_AI/Testing/Scripts/VR/Locomotion/NavMeshData.cs
  artifactKey: Guid(903bef46a0f0cda4f9909e7ef2c87cd0) Importer(815301076,1909f56bfc062723c751e8b465ee728b)
Start importing Assets/UI_AI/Testing/Scripts/VR/Locomotion/NavMeshData.cs using Guid(903bef46a0f0cda4f9909e7ef2c87cd0) Importer(815301076,1909f56bfc062723c751e8b465ee728b)  -> (artifact id: '6f465e344433648c895a1894f5f8ef97') in 0.018908 seconds
  Import took 0.022573 seconds .

========================================================================
Received Import Request.
  Time since last request: 0.123057 seconds.
  path: Assets/UI_AI/Testing/Scripts/VR/Locomotion/Teleporter.cs
  artifactKey: Guid(2e6c0af8b3bf1af42b305a6adbca3280) Importer(815301076,1909f56bfc062723c751e8b465ee728b)
Start importing Assets/UI_AI/Testing/Scripts/VR/Locomotion/Teleporter.cs using Guid(2e6c0af8b3bf1af42b305a6adbca3280) Importer(815301076,1909f56bfc062723c751e8b465ee728b)  -> (artifact id: 'e8164572cbb729ea6e6746efc49ccd04') in 0.006495 seconds
  Import took 0.010496 seconds .

========================================================================
Received Import Request.
  Time since last request: 0.144431 seconds.
  path: Assets/UI_AI/Testing/Scripts/VR/Pointers
  artifactKey: Guid(2fbbd6aa8a118684697cee72027c44fe) Importer(815301076,1909f56bfc062723c751e8b465ee728b)
Start importing Assets/UI_AI/Testing/Scripts/VR/Pointers using Guid(2fbbd6aa8a118684697cee72027c44fe) Importer(815301076,1909f56bfc062723c751e8b465ee728b)  -> (artifact id: '4501b8345433455da65a2201b32f13bb') in 0.009545 seconds
  Import took 0.014049 seconds .

========================================================================
Received Import Request.
  Time since last request: 0.154341 seconds.
  path: Assets/UI_AI/Testing/Scripts/VR/UI
  artifactKey: Guid(f146c82dcfa6d624ca1a2c523b0cf851) Importer(815301076,1909f56bfc062723c751e8b465ee728b)
Start importing Assets/UI_AI/Testing/Scripts/VR/UI using Guid(f146c82dcfa6d624ca1a2c523b0cf851) Importer(815301076,1909f56bfc062723c751e8b465ee728b)  -> (artifact id: '414b4c89f5416e4e2d3f0496a80e7e6a') in 0.006514 seconds
  Import took 0.010663 seconds .

========================================================================
Received Import Request.
  Time since last request: 9.590016 seconds.
  path: Assets/UI_AI/Testing/Mammal/Alpaca.fbx
  artifactKey: Guid(976ad0990b53e48a88acaa2c41cce630) Importer(815301076,1909f56bfc062723c751e8b465ee728b)
Start importing Assets/UI_AI/Testing/Mammal/Alpaca.fbx using Guid(976ad0990b53e48a88acaa2c41cce630) Importer(815301076,1909f56bfc062723c751e8b465ee728b)  -> (artifact id: '87a319443f16b595904f4e880810635e') in 0.163523 seconds
  Import took 0.168167 seconds .

========================================================================
Received Import Request.
  Time since last request: 2.317986 seconds.
  path: Assets/UI_AI/Testing/Scripts/Ball.cs
  artifactKey: Guid(a3753a61eb770e64180e10d404d189c4) Importer(815301076,1909f56bfc062723c751e8b465ee728b)
Start importing Assets/UI_AI/Testing/Scripts/Ball.cs using Guid(a3753a61eb770e64180e10d404d189c4) Importer(815301076,1909f56bfc062723c751e8b465ee728b)  -> (artifact id: 'debdb179b90dfb6bf3a7b4bd2ac45d42') in 0.007007 seconds
  Import took 0.011845 seconds .

========================================================================
Received Import Request.
  Time since last request: 1.012767 seconds.
  path: Assets/UI_AI/Testing/Scripts/FollowBehaviour.cs
  artifactKey: Guid(f8174221e999c26418edb96e88cc38c3) Importer(815301076,1909f56bfc062723c751e8b465ee728b)
Start importing Assets/UI_AI/Testing/Scripts/FollowBehaviour.cs using Guid(f8174221e999c26418edb96e88cc38c3) Importer(815301076,1909f56bfc062723c751e8b465ee728b)  -> (artifact id: 'c3f4c3ca82fe8b1a34bb77d7ee5093d7') in 0.007828 seconds
  Import took 0.012293 seconds .

========================================================================
Received Import Request.
  Time since last request: 0.155563 seconds.
  path: Assets/UI_AI/Testing/Scripts/ObjectPool.cs
  artifactKey: Guid(bbbf563b8d6104f4ba38e991ffe9961f) Importer(815301076,1909f56bfc062723c751e8b465ee728b)
Start importing Assets/UI_AI/Testing/Scripts/ObjectPool.cs using Guid(bbbf563b8d6104f4ba38e991ffe9961f) Importer(815301076,1909f56bfc062723c751e8b465ee728b)  -> (artifact id: 'a4cead844a66ae513ca7f21b2fc905b4') in 0.006739 seconds
  Import took 0.011427 seconds .

========================================================================
Received Import Request.
  Time since last request: 0.147393 seconds.
  path: Assets/UI_AI/Testing/Scripts/Player.cs
  artifactKey: Guid(b27c3ccd7a1707e46af960469c512644) Importer(815301076,1909f56bfc062723c751e8b465ee728b)
Start importing Assets/UI_AI/Testing/Scripts/Player.cs using Guid(b27c3ccd7a1707e46af960469c512644) Importer(815301076,1909f56bfc062723c751e8b465ee728b)  -> (artifact id: '4ede1b6e63c2947b84be1c21b3975ab5') in 0.007594 seconds
  Import took 0.012179 seconds .

========================================================================
Received Prepare
Registering precompiled user dll's ...
Registered in 0.008938 seconds.
Begin MonoManager ReloadAssembly
Native extension for WindowsStandalone target not found
Refreshing native plugins compatible for Editor in 1.31 ms, found 14 plugins.
Preloading 2 native plugins for Editor in 0.12 ms.
Invoked RoslynAnalysisRunner static constructor.
RoslynAnalysisRunner will not be running.
RoslynAnalysisRunner has terminated.
NullReferenceException: Object reference not set to an instance of an object
  at Unity.XR.Oculus.OculusLoader.AssetPathToAbsolutePath (System.String assetPath) [0x00048] in C:\Users\jordan.garland1\Documents\GitHub\VR-Project\Library\PackageCache\com.unity.xr.oculus@1.10.0\Runtime\OculusLoader.cs:250 
  at Unity.XR.Oculus.OculusLoader.EditorLoadOVRPlugin () [0x0007b] in C:\Users\jordan.garland1\Documents\GitHub\VR-Project\Library\PackageCache\com.unity.xr.oculus@1.10.0\Runtime\OculusLoader.cs:235 

(Filename: Library/PackageCache/com.unity.xr.oculus@1.10.0/Runtime/OculusLoader.cs Line: 250)

Mono: successfully reloaded assembly
- Completed reload, in  1.198 seconds
Platform modules already initialized, skipping
Refreshing native plugins compatible for Editor in 2.50 ms, found 14 plugins.
Preloading 2 native plugins for Editor in 0.19 ms.
Unloading 2163 Unused Serialized files (Serialized files now loaded: 0)
System memory in use before: 120.3 MB.
System memory in use after: 120.5 MB.

Unloading 18 unused Assets to reduce memory usage. Loaded Objects now: 2708.
Total: 5.616000 ms (FindLiveObjects: 0.206100 ms CreateObjectMapping: 0.085800 ms MarkObjects: 5.296200 ms  DeleteObjects: 0.026500 ms)

========================================================================
Received Prepare
Registering precompiled user dll's ...
Registered in 0.008811 seconds.
Begin MonoManager ReloadAssembly
Native extension for WindowsStandalone target not found
Refreshing native plugins compatible for Editor in 1.74 ms, found 14 plugins.
Preloading 2 native plugins for Editor in 0.14 ms.
Invoked RoslynAnalysisRunner static constructor.
RoslynAnalysisRunner will not be running.
RoslynAnalysisRunner has terminated.
NullReferenceException: Object reference not set to an instance of an object
  at Unity.XR.Oculus.OculusLoader.AssetPathToAbsolutePath (System.String assetPath) [0x00048] in C:\Users\jordan.garland1\Documents\GitHub\VR-Project\Library\PackageCache\com.unity.xr.oculus@1.10.0\Runtime\OculusLoader.cs:250 
  at Unity.XR.Oculus.OculusLoader.EditorLoadOVRPlugin () [0x0007b] in C:\Users\jordan.garland1\Documents\GitHub\VR-Project\Library\PackageCache\com.unity.xr.oculus@1.10.0\Runtime\OculusLoader.cs:235 

(Filename: Library/PackageCache/com.unity.xr.oculus@1.10.0/Runtime/OculusLoader.cs Line: 250)

Mono: successfully reloaded assembly
- Completed reload, in  1.219 seconds
Platform modules already initialized, skipping
Refreshing native plugins compatible for Editor in 2.02 ms, found 14 plugins.
Preloading 2 native plugins for Editor in 0.13 ms.
Unloading 2163 Unused Serialized files (Serialized files now loaded: 0)
System memory in use before: 120.8 MB.
System memory in use after: 120.9 MB.

Unloading 18 unused Assets to reduce memory usage. Loaded Objects now: 2711.
Total: 2.584300 ms (FindLiveObjects: 0.350500 ms CreateObjectMapping: 0.114000 ms MarkObjects: 2.099600 ms  DeleteObjects: 0.019100 ms)

========================================================================
Received Prepare
Registering precompiled user dll's ...
Registered in 0.011043 seconds.
Begin MonoManager ReloadAssembly
Native extension for WindowsStandalone target not found
Refreshing native plugins compatible for Editor in 2.01 ms, found 14 plugins.
Preloading 2 native plugins for Editor in 0.35 ms.
Invoked RoslynAnalysisRunner static constructor.
RoslynAnalysisRunner will not be running.
RoslynAnalysisRunner has terminated.
NullReferenceException: Object reference not set to an instance of an object
  at Unity.XR.Oculus.OculusLoader.AssetPathToAbsolutePath (System.String assetPath) [0x00048] in C:\Users\jordan.garland1\Documents\GitHub\VR-Project\Library\PackageCache\com.unity.xr.oculus@1.10.0\Runtime\OculusLoader.cs:250 
  at Unity.XR.Oculus.OculusLoader.EditorLoadOVRPlugin () [0x0007b] in C:\Users\jordan.garland1\Documents\GitHub\VR-Project\Library\PackageCache\com.unity.xr.oculus@1.10.0\Runtime\OculusLoader.cs:235 

(Filename: Library/PackageCache/com.unity.xr.oculus@1.10.0/Runtime/OculusLoader.cs Line: 250)

Mono: successfully reloaded assembly
- Completed reload, in  1.332 seconds
Platform modules already initialized, skipping
Refreshing native plugins compatible for Editor in 1.38 ms, found 14 plugins.
Preloading 2 native plugins for Editor in 0.14 ms.
Unloading 2163 Unused Serialized files (Serialized files now loaded: 0)
System memory in use before: 121.3 MB.
System memory in use after: 121.4 MB.

Unloading 18 unused Assets to reduce memory usage. Loaded Objects now: 2714.
Total: 3.261300 ms (FindLiveObjects: 0.215700 ms CreateObjectMapping: 0.085400 ms MarkObjects: 2.934700 ms  DeleteObjects: 0.024300 ms)

========================================================================
Received Prepare
Registering precompiled user dll's ...
Registered in 0.013054 seconds.
Begin MonoManager ReloadAssembly
Native extension for WindowsStandalone target not found
Refreshing native plugins compatible for Editor in 1.32 ms, found 14 plugins.
Preloading 2 native plugins for Editor in 0.12 ms.
Invoked RoslynAnalysisRunner static constructor.
RoslynAnalysisRunner will not be running.
RoslynAnalysisRunner has terminated.
NullReferenceException: Object reference not set to an instance of an object
  at Unity.XR.Oculus.OculusLoader.AssetPathToAbsolutePath (System.String assetPath) [0x00048] in C:\Users\jordan.garland1\Documents\GitHub\VR-Project\Library\PackageCache\com.unity.xr.oculus@1.10.0\Runtime\OculusLoader.cs:250 
  at Unity.XR.Oculus.OculusLoader.EditorLoadOVRPlugin () [0x0007b] in C:\Users\jordan.garland1\Documents\GitHub\VR-Project\Library\PackageCache\com.unity.xr.oculus@1.10.0\Runtime\OculusLoader.cs:235 

(Filename: Library/PackageCache/com.unity.xr.oculus@1.10.0/Runtime/OculusLoader.cs Line: 250)

Mono: successfully reloaded assembly
- Completed reload, in  1.258 seconds
Platform modules already initialized, skipping
Refreshing native plugins compatible for Editor in 2.39 ms, found 14 plugins.
Preloading 2 native plugins for Editor in 0.20 ms.
Unloading 2161 Unused Serialized files (Serialized files now loaded: 0)
System memory in use before: 121.4 MB.
System memory in use after: 121.6 MB.

Unloading 20 unused Assets to reduce memory usage. Loaded Objects now: 2715.
Total: 5.290700 ms (FindLiveObjects: 0.396600 ms CreateObjectMapping: 0.134700 ms MarkObjects: 4.731600 ms  DeleteObjects: 0.026500 ms)

========================================================================
Received Import Request.
  Time since last request: 73.809164 seconds.
  path: Assets/Models
  artifactKey: Guid(9a78d5a6f59040f48b0cf90b737ac38c) Importer(815301076,1909f56bfc062723c751e8b465ee728b)
Start importing Assets/Models using Guid(9a78d5a6f59040f48b0cf90b737ac38c) Importer(815301076,1909f56bfc062723c751e8b465ee728b)  -> (artifact id: '3ede7c3bfaef2230b6f9bca5aca5d815') in 0.011043 seconds
  Import took 0.016536 seconds .

========================================================================
Received Import Request.
  Time since last request: 13.565149 seconds.
  path: Assets/Models/Animals
  artifactKey: Guid(d4e75c337d1d7f54e85bedf801875c1b) Importer(815301076,1909f56bfc062723c751e8b465ee728b)
Start importing Assets/Models/Animals using Guid(d4e75c337d1d7f54e85bedf801875c1b) Importer(815301076,1909f56bfc062723c751e8b465ee728b)  -> (artifact id: 'b929f62e45867a7742f5a1e6ba344335') in 0.007179 seconds
  Import took 0.011092 seconds .

========================================================================
Received Import Request.
  Time since last request: 17.898792 seconds.
  path: Assets/Prefab/Prefabs/[Camera Rig].prefab
  artifactKey: Guid(4077995c0a0aab9449225ede079d3f58) Importer(815301076,1909f56bfc062723c751e8b465ee728b)
Start importing Assets/Prefab/Prefabs/[Camera Rig].prefab using Guid(4077995c0a0aab9449225ede079d3f58) Importer(815301076,1909f56bfc062723c751e8b465ee728b)  -> (artifact id: '6b2daf1807f0780067fb1ab5c1317966') in 0.293121 seconds
  Import took 0.297331 seconds .

========================================================================
Received Import Request.
  Time since last request: 0.983928 seconds.
  path: Assets/Prefab/Prefabs/Controller [Right].prefab
  artifactKey: Guid(5332f553474830e409a08ca79b5e36da) Importer(815301076,1909f56bfc062723c751e8b465ee728b)
Start importing Assets/Prefab/Prefabs/Controller [Right].prefab using Guid(5332f553474830e409a08ca79b5e36da) Importer(815301076,1909f56bfc062723c751e8b465ee728b)  -> (artifact id: '4dd1ce9ce07c34cb453c68038f1e58e4') in 0.018377 seconds
  Import took 0.022605 seconds .

========================================================================
Received Import Request.
  Time since last request: 11.760890 seconds.
  path: Assets/Scripts/Gaze
  artifactKey: Guid(e46b64d7bf41acf41b21751f79f602de) Importer(815301076,1909f56bfc062723c751e8b465ee728b)
Start importing Assets/Scripts/Gaze using Guid(e46b64d7bf41acf41b21751f79f602de) Importer(815301076,1909f56bfc062723c751e8b465ee728b)  -> (artifact id: '7d6ad1b955ec0c322671a783720426c0') in 0.008344 seconds
  Import took 0.012669 seconds .

========================================================================
Received Import Request.
  Time since last request: 1.277425 seconds.
  path: Assets/Scripts/CameraInteraction.cs
  artifactKey: Guid(ecf411c5bae96af44837807e850282fc) Importer(815301076,1909f56bfc062723c751e8b465ee728b)
Start importing Assets/Scripts/CameraInteraction.cs using Guid(ecf411c5bae96af44837807e850282fc) Importer(815301076,1909f56bfc062723c751e8b465ee728b)  -> (artifact id: 'fc3619710585ed1dc4e797223183a3e7') in 0.006331 seconds
  Import took 0.010859 seconds .

========================================================================
Received Prepare
Registering precompiled user dll's ...
Registered in 0.008590 seconds.
Begin MonoManager ReloadAssembly
Native extension for WindowsStandalone target not found
Refreshing native plugins compatible for Editor in 1.32 ms, found 14 plugins.
Preloading 2 native plugins for Editor in 0.12 ms.
Invoked RoslynAnalysisRunner static constructor.
RoslynAnalysisRunner will not be running.
RoslynAnalysisRunner has terminated.
NullReferenceException: Object reference not set to an instance of an object
  at Unity.XR.Oculus.OculusLoader.AssetPathToAbsolutePath (System.String assetPath) [0x00048] in C:\Users\jordan.garland1\Documents\GitHub\VR-Project\Library\PackageCache\com.unity.xr.oculus@1.10.0\Runtime\OculusLoader.cs:250 
  at Unity.XR.Oculus.OculusLoader.EditorLoadOVRPlugin () [0x0007b] in C:\Users\jordan.garland1\Documents\GitHub\VR-Project\Library\PackageCache\com.unity.xr.oculus@1.10.0\Runtime\OculusLoader.cs:235 

(Filename: Library/PackageCache/com.unity.xr.oculus@1.10.0/Runtime/OculusLoader.cs Line: 250)

Mono: successfully reloaded assembly
- Completed reload, in  1.049 seconds
Platform modules already initialized, skipping
Refreshing native plugins compatible for Editor in 2.53 ms, found 14 plugins.
Preloading 2 native plugins for Editor in 0.19 ms.
Unloading 2161 Unused Serialized files (Serialized files now loaded: 0)
System memory in use before: 121.1 MB.
System memory in use after: 121.4 MB.

Unloading 18 unused Assets to reduce memory usage. Loaded Objects now: 2719.
Total: 3.275500 ms (FindLiveObjects: 0.371600 ms CreateObjectMapping: 0.108400 ms MarkObjects: 2.765200 ms  DeleteObjects: 0.028300 ms)

========================================================================
Received Import Request.
  Time since last request: 24.275609 seconds.
  path: Assets/Scripts/Creature Behaviours
  artifactKey: Guid(cf1da4b106e4e2747b570a5010c4c85a) Importer(815301076,1909f56bfc062723c751e8b465ee728b)
Start importing Assets/Scripts/Creature Behaviours using Guid(cf1da4b106e4e2747b570a5010c4c85a) Importer(815301076,1909f56bfc062723c751e8b465ee728b)  -> (artifact id: '3e4c37f7d3c720def245fe29c3a8b352') in 0.011839 seconds
  Import took 0.018196 seconds .

========================================================================
Received Prepare
Registering precompiled user dll's ...
Registered in 0.008760 seconds.
Begin MonoManager ReloadAssembly
Native extension for WindowsStandalone target not found
Refreshing native plugins compatible for Editor in 1.32 ms, found 14 plugins.
Preloading 2 native plugins for Editor in 0.12 ms.
Invoked RoslynAnalysisRunner static constructor.
RoslynAnalysisRunner will not be running.
RoslynAnalysisRunner has terminated.
NullReferenceException: Object reference not set to an instance of an object
  at Unity.XR.Oculus.OculusLoader.AssetPathToAbsolutePath (System.String assetPath) [0x00048] in C:\Users\jordan.garland1\Documents\GitHub\VR-Project\Library\PackageCache\com.unity.xr.oculus@1.10.0\Runtime\OculusLoader.cs:250 
  at Unity.XR.Oculus.OculusLoader.EditorLoadOVRPlugin () [0x0007b] in C:\Users\jordan.garland1\Documents\GitHub\VR-Project\Library\PackageCache\com.unity.xr.oculus@1.10.0\Runtime\OculusLoader.cs:235 

(Filename: Library/PackageCache/com.unity.xr.oculus@1.10.0/Runtime/OculusLoader.cs Line: 250)

Mono: successfully reloaded assembly
- Completed reload, in  1.047 seconds
Platform modules already initialized, skipping
Refreshing native plugins compatible for Editor in 2.30 ms, found 14 plugins.
Preloading 2 native plugins for Editor in 0.17 ms.
Unloading 2161 Unused Serialized files (Serialized files now loaded: 0)
System memory in use before: 121.5 MB.
System memory in use after: 121.7 MB.

Unloading 18 unused Assets to reduce memory usage. Loaded Objects now: 2722.
Total: 2.965500 ms (FindLiveObjects: 0.386100 ms CreateObjectMapping: 0.163600 ms MarkObjects: 2.387600 ms  DeleteObjects: 0.026800 ms)

========================================================================
Received Import Request.
  Time since last request: 12.593153 seconds.
  path: Assets/Scripts/VR Framework
  artifactKey: Guid(d4d9fcfe562cf02488a38d38db556610) Importer(815301076,1909f56bfc062723c751e8b465ee728b)
Start importing Assets/Scripts/VR Framework using Guid(d4d9fcfe562cf02488a38d38db556610) Importer(815301076,1909f56bfc062723c751e8b465ee728b)  -> (artifact id: 'cc1c3c7e4fcfa697673813bbbcec654d') in 0.009005 seconds
  Import took 0.015100 seconds .

========================================================================
Received Prepare
Registering precompiled user dll's ...
Registered in 0.008817 seconds.
Begin MonoManager ReloadAssembly
Native extension for WindowsStandalone target not found
Refreshing native plugins compatible for Editor in 1.42 ms, found 14 plugins.
Preloading 2 native plugins for Editor in 0.12 ms.
Invoked RoslynAnalysisRunner static constructor.
RoslynAnalysisRunner will not be running.
RoslynAnalysisRunner has terminated.
NullReferenceException: Object reference not set to an instance of an object
  at Unity.XR.Oculus.OculusLoader.AssetPathToAbsolutePath (System.String assetPath) [0x00048] in C:\Users\jordan.garland1\Documents\GitHub\VR-Project\Library\PackageCache\com.unity.xr.oculus@1.10.0\Runtime\OculusLoader.cs:250 
  at Unity.XR.Oculus.OculusLoader.EditorLoadOVRPlugin () [0x0007b] in C:\Users\jordan.garland1\Documents\GitHub\VR-Project\Library\PackageCache\com.unity.xr.oculus@1.10.0\Runtime\OculusLoader.cs:235 

(Filename: Library/PackageCache/com.unity.xr.oculus@1.10.0/Runtime/OculusLoader.cs Line: 250)

Mono: successfully reloaded assembly
- Completed reload, in  1.171 seconds
Platform modules already initialized, skipping
Refreshing native plugins compatible for Editor in 1.37 ms, found 14 plugins.
Preloading 2 native plugins for Editor in 0.13 ms.
Unloading 2161 Unused Serialized files (Serialized files now loaded: 0)
System memory in use before: 121.6 MB.
System memory in use after: 121.8 MB.

Unloading 18 unused Assets to reduce memory usage. Loaded Objects now: 2725.
Total: 2.635100 ms (FindLiveObjects: 0.218800 ms CreateObjectMapping: 0.098400 ms MarkObjects: 2.293700 ms  DeleteObjects: 0.023400 ms)

========================================================================
Received Import Request.
  Time since last request: 9.748559 seconds.
  path: Assets/CurvedUI
  artifactKey: Guid(4eba18877f5f24347b7bb84078f9f4cc) Importer(815301076,1909f56bfc062723c751e8b465ee728b)
Start importing Assets/CurvedUI using Guid(4eba18877f5f24347b7bb84078f9f4cc) Importer(815301076,1909f56bfc062723c751e8b465ee728b)  -> (artifact id: 'b1ce5b7fab1987949133084324708bbd') in 0.008362 seconds
  Import took 0.013874 seconds .

========================================================================
Received Prepare
Registering precompiled user dll's ...
Registered in 0.017565 seconds.
Begin MonoManager ReloadAssembly
Native extension for WindowsStandalone target not found
Refreshing native plugins compatible for Editor in 1.31 ms, found 14 plugins.
Preloading 2 native plugins for Editor in 0.12 ms.
Invoked RoslynAnalysisRunner static constructor.
RoslynAnalysisRunner will not be running.
RoslynAnalysisRunner has terminated.
NullReferenceException: Object reference not set to an instance of an object
  at Unity.XR.Oculus.OculusLoader.AssetPathToAbsolutePath (System.String assetPath) [0x00048] in C:\Users\jordan.garland1\Documents\GitHub\VR-Project\Library\PackageCache\com.unity.xr.oculus@1.10.0\Runtime\OculusLoader.cs:250 
  at Unity.XR.Oculus.OculusLoader.EditorLoadOVRPlugin () [0x0007b] in C:\Users\jordan.garland1\Documents\GitHub\VR-Project\Library\PackageCache\com.unity.xr.oculus@1.10.0\Runtime\OculusLoader.cs:235 

(Filename: Library/PackageCache/com.unity.xr.oculus@1.10.0/Runtime/OculusLoader.cs Line: 250)

Mono: successfully reloaded assembly
- Completed reload, in  1.076 seconds
Platform modules already initialized, skipping
Refreshing native plugins compatible for Editor in 2.22 ms, found 14 plugins.
Preloading 2 native plugins for Editor in 0.20 ms.
Unloading 2161 Unused Serialized files (Serialized files now loaded: 0)
System memory in use before: 121.3 MB.
System memory in use after: 121.5 MB.

Unloading 18 unused Assets to reduce memory usage. Loaded Objects now: 2728.
Total: 2.886100 ms (FindLiveObjects: 0.332700 ms CreateObjectMapping: 0.104600 ms MarkObjects: 2.425900 ms  DeleteObjects: 0.021800 ms)

========================================================================
Received Import Request.
  Time since last request: 10.423508 seconds.
  path: Assets/Scenes/Jordy Test Scene.unity
  artifactKey: Guid(b5c9a76f6a2a163468ed1255bf8800b9) Importer(815301076,1909f56bfc062723c751e8b465ee728b)
Start importing Assets/Scenes/Jordy Test Scene.unity using Guid(b5c9a76f6a2a163468ed1255bf8800b9) Importer(815301076,1909f56bfc062723c751e8b465ee728b)  -> (artifact id: 'f4d0de5a9e3d8d5f246d0c98033bdc8c') in 0.032155 seconds
  Import took 0.043278 seconds .

